Remove Pin=U5-6 From Net=REG_PG
Remove Pin=U6-6 From Net=REG_PG
Change Component Footprint: Designator=C2 Old Footprint=0402L New Footprint=FP-GCM155-0_05-IPC_A
Change Component Footprint: Designator=C5 Old Footprint=0402L New Footprint=FP-GRM188-0_2-IPC_B
Change Component Footprint: Designator=C7 Old Footprint=0402S New Footprint=FP-GCM155-0_05-IPC_A
Change Component Footprint: Designator=C6 Old Footprint=0402S New Footprint=FP-GRT155-0_05-IPC_B
Change Component Footprint: Designator=C12 Old Footprint=0603L New Footprint=FP-CL549-IPC_C
Change Component Footprint: Designator=C19 Old Footprint=0603L New Footprint=FP-CL549-IPC_C
Change Component Footprint: Designator=C14 Old Footprint=0603L New Footprint=FP-GRM188-0_2-MFG
Change Component Footprint: Designator=C16 Old Footprint=0603L New Footprint=FP-GRM188-0_2-MFG
Change Component Footprint: Designator=C4 Old Footprint=0603L New Footprint=FP-GRT155-0_05-IPC_B
Change Component Footprint: Designator=C1 Old Footprint=FP-CL549-IPC_C New Footprint=FP-GRT155-0_05-IPC_B
Change Component Footprint: Designator=R30 Old Footprint=FP-CRCW0402-C-e3-IPC_C New Footprint=FP-CR0805-IPC_A
Change Component Footprint: Designator=R29 Old Footprint=FP-CRCW0402-e3-MFG New Footprint=FP-CR0805-IPC_A
Change Component Footprint: Designator=C17 Old Footprint=FP-GCJ21BR71C475KA01L_0805-MFG New Footprint=FP-CL549-IPC_C
Change Component Footprint: Designator=C56 Old Footprint=FP-GCM0335C1E220JA16D_0201-MFG New Footprint=FP-CL549-IPC_C
Change Component Footprint: Designator=C55 Old Footprint=FP-GCM0335C1E220JA16D_0201-MFG New Footprint=FP-GRM188-0_2-MFG
Change Component Footprint: Designator=C3 Old Footprint=FP-GRM155R61A225ME01D_0402-MFG New Footprint=FP-C0402-BB-MFG
Change Component Footprint: Designator=C13 Old Footprint=FP-GRM155R61A225ME01D_0402-MFG New Footprint=FP-CL549-IPC_C
Change Component Footprint: Designator=C15 Old Footprint=FP-GRM155R61A225ME01D_0402-MFG New Footprint=FP-CL549-IPC_C
Change Component Footprint: Designator=C18 Old Footprint=FP-GRM155R61A225ME01D_0402-MFG New Footprint=FP-CL549-IPC_C
Change Component Footprint: Designator=C11 Old Footprint=FP-GRM155R61A225ME01D_0402-MFG New Footprint=FP-GRM155-0_05-IPC_C
Change Component Comment: Designator=R30 Old Comment=CRCW040210K0FKEDC New Comment=CRCW040210K0FKED
Change Pin Designator/Name:  Old Designator=C1-1 Old Name=1 New Designator =2 New Name=2
Change Pin Designator/Name:  Old Designator=C1-2 Old Name=2 New Designator =1 New Name=1
